
2018-04-09 23:55:31...installerHook: Could not find custom/install/install_hooks.php
2018-04-09 23:56:39...Begin System Check Process *************
2018-04-09 23:56:39...XML Parsing Support Found
2018-04-09 23:56:39...MBString Support Found
2018-04-09 23:56:39...ZIP Support Found
2018-04-09 23:56:39.../custom directory and subdirectory check passed
2018-04-09 23:56:39...cache directory and subdirectory check passed
2018-04-09 23:56:39.../module  directory and subdirectory check passed
2018-04-09 23:56:39.../upload directory check passed
2018-04-09 23:56:39.../zip check passed
2018-04-09 23:56:39...PCRE version check passed
2018-04-09 23:56:39...installerHook: Could not find custom/install/install_hooks.php
2018-04-09 23:56:39...php.ini location found. /etc/php/7.0/apache2/php.ini
2018-04-09 23:56:39...Outputting HTML for System check
2018-04-09 23:56:39...No Errors were found *************
2018-04-09 23:56:49...installerHook: Could not find custom/install/install_hooks.php
2018-04-09 23:56:54...installerHook: Could not find custom/install/install_hooks.php
2018-04-09 23:57:02...Begin System Check Process *************
2018-04-09 23:57:02...XML Parsing Support Found
2018-04-09 23:57:02...MBString Support Found
2018-04-09 23:57:02...ZIP Support Found
2018-04-09 23:57:02.../custom directory and subdirectory check passed
2018-04-09 23:57:02...cache directory and subdirectory check passed
2018-04-09 23:57:02.../module  directory and subdirectory check passed
2018-04-09 23:57:02.../upload directory check passed
2018-04-09 23:57:02.../zip check passed
2018-04-09 23:57:02...PCRE version check passed
2018-04-09 23:57:02...installerHook: Could not find custom/install/install_hooks.php
2018-04-09 23:57:02...php.ini location found. /etc/php/7.0/apache2/php.ini
2018-04-09 23:57:02...Outputting HTML for System check
2018-04-09 23:57:02...No Errors were found *************
2018-04-09 23:57:02...installerHook: Could not find custom/install/install_hooks.php
2018-04-09 23:57:05...installerHook: Could not find custom/install/install_hooks.php
2018-04-09 23:57:31...installerHook: Could not find custom/install/install_hooks.php
2018-04-09 23:59:51...installerHook: Could not find custom/install/install_hooks.php
2018-04-10 00:01:51...installerHook: Could not find custom/install/install_hooks.php
2018-04-10 00:03:16...Begin DB Check Process *************
2018-04-10 00:03:16...testing with mysql:mysqli
2018-04-10 00:03:16...Basic form info is valid, continuing Process.
2018-04-10 00:03:16...Testing user account...
2018-04-10 00:03:16...ERROR::  The provided database host, username, and/or password is invalid, and a connection to the database could not be established. Please enter a valid host, username and password
2018-04-10 00:03:16...FATAL:: errors have been detected!  User will not be allowed to continue.  Errors are as follow:
2018-04-10 00:03:16..... The provided database host, username, and/or password is invalid, and a connection to the database could not be established. Please enter a valid host, username and password
2018-04-10 00:03:16...End DB Check Process *************
2018-04-10 00:03:50...Begin DB Check Process *************
2018-04-10 00:03:50...testing with mysql:mysqli
2018-04-10 00:03:50...Basic form info is valid, continuing Process.
2018-04-10 00:03:50...Testing user account...
2018-04-10 00:03:50...ERROR::  The provided database host, username, and/or password is invalid, and a connection to the database could not be established. Please enter a valid host, username and password
2018-04-10 00:03:50...FATAL:: errors have been detected!  User will not be allowed to continue.  Errors are as follow:
2018-04-10 00:03:50..... The provided database host, username, and/or password is invalid, and a connection to the database could not be established. Please enter a valid host, username and password
2018-04-10 00:03:50...End DB Check Process *************
2018-04-10 00:03:51...installerHook: Could not find custom/install/install_hooks.php
2018-04-10 00:04:09...Begin DB Check Process *************
2018-04-10 00:04:09...testing with mysql:mysqli
2018-04-10 00:04:09...Basic form info is valid, continuing Process.
2018-04-10 00:04:09...Testing user account...
2018-04-10 00:04:09...Connection made using  host: 127.0.0.1, usr: suitecrm
2018-04-10 00:04:09...SUCCESS:: no errors detected!
2018-04-10 00:04:09...End DB Check Process *************
2018-04-10 00:04:09...installerHook: Could not find custom/install/install_hooks.php
2018-04-10 00:04:09...calling handleSugarConfig()
2018-04-10 00:04:09...calling handleHtaccess()
2018-04-10 00:04:09...calling handleDbCreateDatabase()
2018-04-10 00:14:43...installerHook: Could not find custom/install/install_hooks.php
2018-04-10 00:15:31...installerHook: Could not find custom/install/install_hooks.php
2018-04-10 00:17:05...installerHook: Could not find custom/install/install_hooks.php
2018-04-10 00:17:11...Begin System Check Process *************
2018-04-10 00:17:11...XML Parsing Support Found
2018-04-10 00:17:11...MBString Support Found
2018-04-10 00:17:11...ZIP Support Found
2018-04-10 00:17:11.../custom directory and subdirectory check passed
2018-04-10 00:17:11...cache directory and subdirectory check passed
2018-04-10 00:17:11.../module  directory and subdirectory check passed
2018-04-10 00:17:11.../upload directory check passed
2018-04-10 00:17:11.../zip check passed
2018-04-10 00:17:11...PCRE version check passed
2018-04-10 00:17:11...installerHook: Could not find custom/install/install_hooks.php
2018-04-10 00:17:11...php.ini location found. /etc/php/7.0/apache2/php.ini
2018-04-10 00:17:11...Outputting HTML for System check
2018-04-10 00:17:11...No Errors were found *************
2018-04-10 00:17:11...installerHook: Could not find custom/install/install_hooks.php
2018-04-10 00:17:15...installerHook: Could not find custom/install/install_hooks.php
2018-04-10 00:24:17...installerHook: Could not find custom/install/install_hooks.php
2018-04-10 00:26:41...installerHook: Could not find custom/install/install_hooks.php
2018-04-10 00:26:47...Begin System Check Process *************
2018-04-10 00:26:47...XML Parsing Support Found
2018-04-10 00:26:47...MBString Support Found
2018-04-10 00:26:47...ZIP Support Found
2018-04-10 00:26:47.../custom directory and subdirectory check passed
2018-04-10 00:26:47...cache directory and subdirectory check passed
2018-04-10 00:26:47.../module  directory and subdirectory check passed
2018-04-10 00:26:47.../upload directory check passed
2018-04-10 00:26:47.../zip check passed
2018-04-10 00:26:47...PCRE version check passed
2018-04-10 00:26:47...installerHook: Could not find custom/install/install_hooks.php
2018-04-10 00:26:47...php.ini location found. /etc/php/7.0/apache2/php.ini
2018-04-10 00:26:47...Outputting HTML for System check
2018-04-10 00:26:47...No Errors were found *************
2018-04-10 00:26:47...installerHook: Could not find custom/install/install_hooks.php
2018-04-10 00:26:50...installerHook: Could not find custom/install/install_hooks.php
2018-04-10 00:28:50...installerHook: Could not find custom/install/install_hooks.php
2018-04-10 00:34:23...installerHook: Could not find custom/install/install_hooks.php
2018-04-10 00:34:32...Begin System Check Process *************
2018-04-10 00:34:32...XML Parsing Support Found
2018-04-10 00:34:32...MBString Support Found
2018-04-10 00:34:32...ZIP Support Found
2018-04-10 00:34:32.../custom directory and subdirectory check passed
2018-04-10 00:34:33...cache directory and subdirectory check passed
2018-04-10 00:34:33.../module  directory and subdirectory check passed
2018-04-10 00:34:33.../upload directory check passed
2018-04-10 00:34:33.../zip check passed
2018-04-10 00:34:33...PCRE version check passed
2018-04-10 00:34:33...installerHook: Could not find custom/install/install_hooks.php
2018-04-10 00:34:33...php.ini location found. /etc/php/7.0/apache2/php.ini
2018-04-10 00:34:33...Outputting HTML for System check
2018-04-10 00:34:33...No Errors were found *************
2018-04-10 00:34:34...installerHook: Could not find custom/install/install_hooks.php
2018-04-10 00:34:38...installerHook: Could not find custom/install/install_hooks.php
2018-04-10 00:46:35...installerHook: Could not find custom/install/install_hooks.php
2018-04-10 00:46:40...Begin System Check Process *************
2018-04-10 00:46:40...XML Parsing Support Found
2018-04-10 00:46:40...MBString Support Found
2018-04-10 00:46:40...ZIP Support Found
2018-04-10 00:46:40.../custom directory and subdirectory check passed
2018-04-10 00:46:40...cache directory and subdirectory check passed
2018-04-10 00:46:40.../module  directory and subdirectory check passed
2018-04-10 00:46:40.../upload directory check passed
2018-04-10 00:46:40.../zip check passed
2018-04-10 00:46:40...PCRE version check passed
2018-04-10 00:46:40...installerHook: Could not find custom/install/install_hooks.php
2018-04-10 00:46:40...php.ini location found. /etc/php/7.0/apache2/php.ini
2018-04-10 00:46:40...Outputting HTML for System check
2018-04-10 00:46:40...No Errors were found *************
2018-04-10 00:46:41...installerHook: Could not find custom/install/install_hooks.php
2018-04-10 00:46:44...installerHook: Could not find custom/install/install_hooks.php
2018-04-10 00:49:25...installerHook: Could not find custom/install/install_hooks.php
2018-04-10 00:49:31...Begin System Check Process *************
2018-04-10 00:49:31...XML Parsing Support Found
2018-04-10 00:49:31...MBString Support Found
2018-04-10 00:49:31...ZIP Support Found
2018-04-10 00:49:31.../custom directory and subdirectory check passed
2018-04-10 00:49:31...cache directory and subdirectory check passed
2018-04-10 00:49:31.../module  directory and subdirectory check passed
2018-04-10 00:49:31.../upload directory check passed
2018-04-10 00:49:31.../zip check passed
2018-04-10 00:49:31...PCRE version check passed
2018-04-10 00:49:31...installerHook: Could not find custom/install/install_hooks.php
2018-04-10 00:49:31...php.ini location found. /etc/php/7.0/apache2/php.ini
2018-04-10 00:49:31...Outputting HTML for System check
2018-04-10 00:49:31...No Errors were found *************
2018-04-10 00:49:31...installerHook: Could not find custom/install/install_hooks.php
2018-04-10 00:49:35...installerHook: Could not find custom/install/install_hooks.php
2018-04-10 01:16:31...installerHook: Could not find custom/install/install_hooks.php
2018-04-10 01:21:33...installerHook: Could not find custom/install/install_hooks.php
2018-04-10 01:21:39...Begin System Check Process *************
2018-04-10 01:21:39...XML Parsing Support Found
2018-04-10 01:21:39...MBString Support Found
2018-04-10 01:21:39...ZIP Support Found
2018-04-10 01:21:39.../custom directory and subdirectory check passed
2018-04-10 01:21:39...cache directory and subdirectory check passed
2018-04-10 01:21:39.../module  directory and subdirectory check passed
2018-04-10 01:21:39.../upload directory check passed
2018-04-10 01:21:39.../zip check passed
2018-04-10 01:21:39...PCRE version check passed
2018-04-10 01:21:39...installerHook: Could not find custom/install/install_hooks.php
2018-04-10 01:21:39...php.ini location found. /etc/php/7.0/apache2/php.ini
2018-04-10 01:21:39...Outputting HTML for System check
2018-04-10 01:21:39...No Errors were found *************
2018-04-10 01:21:40...installerHook: Could not find custom/install/install_hooks.php
2018-04-10 01:21:42...installerHook: Could not find custom/install/install_hooks.php
2018-04-10 01:29:35...Begin DB Check Process *************
2018-04-10 01:29:35...testing with mysql:mysqli
2018-04-10 01:29:35...Basic form info is valid, continuing Process.
2018-04-10 01:29:35...Testing user account...
2018-04-10 01:29:35...Connection made using  host: localhost, usr: suitecrm
2018-04-10 01:29:35...SUCCESS:: no errors detected!
2018-04-10 01:29:35...End DB Check Process *************
2018-04-10 01:29:35...installerHook: Could not find custom/install/install_hooks.php
2018-04-10 01:29:36...calling handleSugarConfig()
2018-04-10 01:29:36...calling handleHtaccess()
2018-04-10 01:29:36...calling handleDbCreateDatabase()
2018-04-10 01:34:26...installerHook: Could not find custom/install/install_hooks.php
2018-04-10 01:35:57...installerHook: Could not find custom/install/install_hooks.php
2018-04-10 01:36:39...Begin System Check Process *************
2018-04-10 01:36:39...XML Parsing Support Found
2018-04-10 01:36:39...MBString Support Found
2018-04-10 01:36:39...ZIP Support Found
2018-04-10 01:36:39.../custom directory and subdirectory check passed
2018-04-10 01:36:39...cache directory and subdirectory check passed
2018-04-10 01:36:39.../module  directory and subdirectory check passed
2018-04-10 01:36:39.../upload directory check passed
2018-04-10 01:36:39.../zip check passed
2018-04-10 01:36:39...PCRE version check passed
2018-04-10 01:36:39...installerHook: Could not find custom/install/install_hooks.php
2018-04-10 01:36:39...php.ini location found. /etc/php/7.0/apache2/php.ini
2018-04-10 01:36:39...Outputting HTML for System check
2018-04-10 01:36:39...No Errors were found *************
2018-04-10 01:36:39...installerHook: Could not find custom/install/install_hooks.php
2018-04-10 01:37:17...installerHook: Could not find custom/install/install_hooks.php
2018-04-10 01:57:18...installerHook: Could not find custom/install/install_hooks.php
2018-04-10 01:58:11...Begin System Check Process *************
2018-04-10 01:58:11...XML Parsing Support Found
2018-04-10 01:58:11...MBString Support Found
2018-04-10 01:58:11...ZIP Support Found
2018-04-10 01:58:11.../custom directory and subdirectory check passed
2018-04-10 01:58:11...cache directory and subdirectory check passed
2018-04-10 01:58:11.../module  directory and subdirectory check passed
2018-04-10 01:58:11.../upload directory check passed
2018-04-10 01:58:11.../zip check passed
2018-04-10 01:58:11...PCRE version check passed
2018-04-10 01:58:11...installerHook: Could not find custom/install/install_hooks.php
2018-04-10 01:58:11...php.ini location found. /etc/php/7.0/apache2/php.ini
2018-04-10 01:58:11...Outputting HTML for System check
2018-04-10 01:58:11...No Errors were found *************
2018-04-10 01:58:11...installerHook: Could not find custom/install/install_hooks.php
2018-04-10 01:58:37...installerHook: Could not find custom/install/install_hooks.php
2018-04-10 01:59:14...installerHook: Could not find custom/install/install_hooks.php
2018-04-10 01:59:32...Begin System Check Process *************
2018-04-10 01:59:32...XML Parsing Support Found
2018-04-10 01:59:32...MBString Support Found
2018-04-10 01:59:32...ZIP Support Found
2018-04-10 01:59:32.../custom directory and subdirectory check passed
2018-04-10 01:59:32...cache directory and subdirectory check passed
2018-04-10 01:59:32.../module  directory and subdirectory check passed
2018-04-10 01:59:32.../upload directory check passed
2018-04-10 01:59:32.../zip check passed
2018-04-10 01:59:32...PCRE version check passed
2018-04-10 01:59:32...installerHook: Could not find custom/install/install_hooks.php
2018-04-10 01:59:32...php.ini location found. /etc/php/7.0/apache2/php.ini
2018-04-10 01:59:32...Outputting HTML for System check
2018-04-10 01:59:32...No Errors were found *************
2018-04-10 01:59:33...installerHook: Could not find custom/install/install_hooks.php
2018-04-10 01:59:35...installerHook: Could not find custom/install/install_hooks.php
2018-04-10 01:59:50...installerHook: Could not find custom/install/install_hooks.php
2018-04-10 02:00:32...Begin DB Check Process *************
2018-04-10 02:00:32...testing with mysql:mysqli
2018-04-10 02:00:32...Basic form info is valid, continuing Process.
2018-04-10 02:00:32...Testing user account...
2018-04-10 02:00:32...Connection made using  host: localhost, usr: suitecrm
2018-04-10 02:00:32...SUCCESS:: no errors detected!
2018-04-10 02:00:32...End DB Check Process *************
2018-04-10 02:00:32...installerHook: Could not find custom/install/install_hooks.php
2018-04-10 02:00:32...calling handleSugarConfig()
2018-04-10 02:00:32...calling handleHtaccess()
2018-04-10 02:00:32...calling handleDbCreateDatabase()
2018-04-10 02:00:35...looping through all the Beans and create their tables
2018-04-10 02:00:35...processing table acl_actions
2018-04-10 02:00:36...creating table acl_actions
2018-04-10 02:00:36...creating Relationship Meta for ACLAction
2018-04-10 02:00:36...processing table acl_roles
2018-04-10 02:00:36...creating table acl_roles
2018-04-10 02:00:36...creating Relationship Meta for ACLRole
2018-04-10 02:00:36...processing table relationships
2018-04-10 02:00:36...creating table relationships
2018-04-10 02:00:36...creating Relationship Meta for Relationship
2018-04-10 02:00:36...processing table leads
2018-04-10 02:00:39...creating table leads
2018-04-10 02:00:39...creating Relationship Meta for Lead
2018-04-10 02:00:39...processing table cases
2018-04-10 02:00:41...creating table cases
2018-04-10 02:00:41...creating Relationship Meta for Case
2018-04-10 02:00:41...processing table bugs
2018-04-10 02:00:42...creating table bugs
2018-04-10 02:00:42...creating Relationship Meta for Bug
2018-04-10 02:00:43...processing table users
2018-04-10 02:00:44...creating table users
2018-04-10 02:00:44...creating Relationship Meta for User
2018-04-10 02:00:44...processing table campaign_log
2018-04-10 02:00:44...creating table campaign_log
2018-04-10 02:00:44...creating Relationship Meta for CampaignLog
2018-04-10 02:00:45...processing table project
2018-04-10 02:00:46...creating table project
2018-04-10 02:00:46...creating Relationship Meta for Project
2018-04-10 02:00:46...processing table project_task
2018-04-10 02:00:47...creating table project_task
2018-04-10 02:00:47...creating Relationship Meta for ProjectTask
2018-04-10 02:00:48...processing table campaigns
2018-04-10 02:00:49...creating table campaigns
2018-04-10 02:00:49...creating Relationship Meta for Campaign
2018-04-10 02:00:50...processing table prospect_lists
2018-04-10 02:00:51...creating table prospect_lists
2018-04-10 02:00:51...creating Relationship Meta for ProspectList
2018-04-10 02:00:51...processing table prospects
2018-04-10 02:00:52...creating table prospects
2018-04-10 02:00:52...creating Relationship Meta for Prospect
2018-04-10 02:00:52...processing table email_marketing
2018-04-10 02:00:53...creating table email_marketing
2018-04-10 02:00:53...creating Relationship Meta for EmailMarketing
2018-04-10 02:00:53...processing table campaign_trkrs
2018-04-10 02:00:54...creating table campaign_trkrs
2018-04-10 02:00:54...creating Relationship Meta for CampaignTracker
2018-04-10 02:00:54...processing table releases
2018-04-10 02:00:54...creating table releases
2018-04-10 02:00:54...creating Relationship Meta for Release
2018-04-10 02:00:54...processing table emailman
2018-04-10 02:00:55...creating table emailman
2018-04-10 02:00:55...creating Relationship Meta for EmailMan
2018-04-10 02:00:55...processing table schedulers
2018-04-10 02:00:55...creating table schedulers
2018-04-10 02:00:55...creating Relationship Meta for Scheduler
2018-04-10 02:00:55...processing table job_queue
2018-04-10 02:00:56...creating table job_queue
2018-04-10 02:00:56...creating Relationship Meta for SchedulersJob
2018-04-10 02:00:56...processing table contacts
2018-04-10 02:00:57...creating table contacts
2018-04-10 02:00:57...creating Relationship Meta for Contact
2018-04-10 02:00:58...processing table accounts
2018-04-10 02:00:59...creating table accounts
2018-04-10 02:00:59...creating Relationship Meta for Account
2018-04-10 02:01:00...processing table opportunities
2018-04-10 02:01:02...creating table opportunities
2018-04-10 02:01:02...creating Relationship Meta for Opportunity
2018-04-10 02:01:02...processing table email_templates
2018-04-10 02:01:03...creating table email_templates
2018-04-10 02:01:03...creating Relationship Meta for EmailTemplate
2018-04-10 02:01:03...processing table notes
2018-04-10 02:01:04...creating table notes
2018-04-10 02:01:04...creating Relationship Meta for Note
2018-04-10 02:01:04...processing table calls
2018-04-10 02:01:06...creating table calls
2018-04-10 02:01:06...creating Relationship Meta for Call
2018-04-10 02:01:06...processing table emails
2018-04-10 02:01:07...creating table emails
2018-04-10 02:01:07...creating Relationship Meta for Email
2018-04-10 02:01:08...processing table meetings
2018-04-10 02:01:09...creating table meetings
2018-04-10 02:01:09...creating Relationship Meta for Meeting
2018-04-10 02:01:09...processing table tasks
2018-04-10 02:01:10...creating table tasks
2018-04-10 02:01:10...creating Relationship Meta for Task
2018-04-10 02:01:10...processing table users
2018-04-10 02:01:10...processing table users
2018-04-10 02:01:10...processing table currencies
2018-04-10 02:01:11...creating table currencies
2018-04-10 02:01:11...creating Relationship Meta for Currency
2018-04-10 02:01:11...processing table tracker
2018-04-10 02:01:12...creating table tracker
2018-04-10 02:01:12...creating Relationship Meta for Tracker
2018-04-10 02:01:12...processing table import_maps
2018-04-10 02:01:12...creating table import_maps
2018-04-10 02:01:12...creating Relationship Meta for ImportMap
2018-04-10 02:01:12...processing table users_last_import
2018-04-10 02:01:12...creating table users_last_import
2018-04-10 02:01:12...creating Relationship Meta for UsersLastImport
2018-04-10 02:01:12...processing table config
2018-04-10 02:01:13...creating table config
2018-04-10 02:01:13...creating Relationship Meta for Administration
2018-04-10 02:01:13...processing table upgrade_history
2018-04-10 02:01:13...creating table upgrade_history
2018-04-10 02:01:13...creating Relationship Meta for UpgradeHistory
2018-04-10 02:01:13...processing table vcals
2018-04-10 02:01:13...creating table vcals
2018-04-10 02:01:13...creating Relationship Meta for vCal
2018-04-10 02:01:13...processing table alerts
2018-04-10 02:01:14...creating table alerts
2018-04-10 02:01:14...creating Relationship Meta for Alert
2018-04-10 02:01:14...processing table roles
2018-04-10 02:01:15...creating table roles
2018-04-10 02:01:15...creating Relationship Meta for Role
2018-04-10 02:01:15...processing table documents
2018-04-10 02:01:16...creating table documents
2018-04-10 02:01:16...creating Relationship Meta for Document
2018-04-10 02:01:16...processing table document_revisions
2018-04-10 02:01:16...creating table document_revisions
2018-04-10 02:01:16...creating Relationship Meta for DocumentRevision
2018-04-10 02:01:16...processing table fields_meta_data
2018-04-10 02:01:17...creating table fields_meta_data
2018-04-10 02:01:17...creating Relationship Meta for FieldsMetaData
2018-04-10 02:01:17...processing table inbound_email
2018-04-10 02:01:17...creating table inbound_email
2018-04-10 02:01:17...creating Relationship Meta for InboundEmail
2018-04-10 02:01:17...processing table saved_search
2018-04-10 02:01:17...creating table saved_search
2018-04-10 02:01:17...creating Relationship Meta for SavedSearch
2018-04-10 02:01:17...processing table user_preferences
2018-04-10 02:01:18...creating table user_preferences
2018-04-10 02:01:18...creating Relationship Meta for UserPreference
2018-04-10 02:01:18...processing table 
2018-04-10 02:01:18...processing table email_addresses
2018-04-10 02:01:18...creating table email_addresses
2018-04-10 02:01:18...creating Relationship Meta for EmailAddress
2018-04-10 02:01:19...processing table emails_text
2018-04-10 02:01:19...creating table emails_text
2018-04-10 02:01:19...creating Relationship Meta for EmailText
2018-04-10 02:01:19...processing table spots
2018-04-10 02:01:20...creating table spots
2018-04-10 02:01:20...creating Relationship Meta for Spots
2018-04-10 02:01:20...processing table aobh_businesshours
2018-04-10 02:01:20...creating table aobh_businesshours
2018-04-10 02:01:20...creating Relationship Meta for AOBH_BusinessHours
2018-04-10 02:01:20...processing table sugarfeed
2018-04-10 02:01:21...creating table sugarfeed
2018-04-10 02:01:21...creating Relationship Meta for SugarFeed
2018-04-10 02:01:21...processing table eapm
2018-04-10 02:01:22...creating table eapm
2018-04-10 02:01:22...creating Relationship Meta for EAPM
2018-04-10 02:01:22...processing table oauth_consumer
2018-04-10 02:01:22...creating table oauth_consumer
2018-04-10 02:01:22...creating Relationship Meta for OAuthKey
2018-04-10 02:01:22...processing table oauth_tokens
2018-04-10 02:01:23...creating table oauth_tokens
2018-04-10 02:01:23...creating Relationship Meta for OAuthToken
2018-04-10 02:01:23...processing table am_projecttemplates
2018-04-10 02:01:24...creating table am_projecttemplates
2018-04-10 02:01:24...creating Relationship Meta for AM_ProjectTemplates
2018-04-10 02:01:24...processing table am_tasktemplates
2018-04-10 02:01:25...creating table am_tasktemplates
2018-04-10 02:01:25...creating Relationship Meta for AM_TaskTemplates
2018-04-10 02:01:26...processing table favorites
2018-04-10 02:01:26...creating table favorites
2018-04-10 02:01:26...creating Relationship Meta for Favorites
2018-04-10 02:01:26...processing table aok_knowledge_base_categories
2018-04-10 02:01:28...creating table aok_knowledge_base_categories
2018-04-10 02:01:28...creating Relationship Meta for AOK_Knowledge_Base_Categories
2018-04-10 02:01:28...processing table aok_knowledgebase
2018-04-10 02:01:29...creating table aok_knowledgebase
2018-04-10 02:01:29...creating Relationship Meta for AOK_KnowledgeBase
2018-04-10 02:01:29...processing table reminders
2018-04-10 02:01:30...creating table reminders
2018-04-10 02:01:30...creating Relationship Meta for Reminder
2018-04-10 02:01:30...processing table reminders_invitees
2018-04-10 02:01:30...creating table reminders_invitees
2018-04-10 02:01:30...creating Relationship Meta for Reminder_Invitee
2018-04-10 02:01:30...processing table fp_events
2018-04-10 02:01:32...creating table fp_events
2018-04-10 02:01:32...creating Relationship Meta for FP_events
2018-04-10 02:01:32...processing table fp_event_locations
2018-04-10 02:01:33...creating table fp_event_locations
2018-04-10 02:01:33...creating Relationship Meta for FP_Event_Locations
2018-04-10 02:01:34...processing table aod_indexevent
2018-04-10 02:01:35...creating table aod_indexevent
2018-04-10 02:01:35...creating Relationship Meta for AOD_IndexEvent
2018-04-10 02:01:35...processing table aod_index
2018-04-10 02:01:36...creating table aod_index
2018-04-10 02:01:36...creating Relationship Meta for AOD_Index
2018-04-10 02:01:37...processing table aop_case_events
2018-04-10 02:01:38...creating table aop_case_events
2018-04-10 02:01:38...creating Relationship Meta for AOP_Case_Events
2018-04-10 02:01:38...processing table aop_case_updates
2018-04-10 02:01:39...creating table aop_case_updates
2018-04-10 02:01:39...creating Relationship Meta for AOP_Case_Updates
2018-04-10 02:01:39...processing table aor_reports
2018-04-10 02:01:41...creating table aor_reports
2018-04-10 02:01:41...creating Relationship Meta for AOR_Report
2018-04-10 02:01:41...processing table aor_fields
2018-04-10 02:01:42...creating table aor_fields
2018-04-10 02:01:42...creating Relationship Meta for AOR_Field
2018-04-10 02:01:42...processing table aor_charts
2018-04-10 02:01:42...creating table aor_charts
2018-04-10 02:01:42...creating Relationship Meta for AOR_Chart
2018-04-10 02:01:42...processing table aor_conditions
2018-04-10 02:01:43...creating table aor_conditions
2018-04-10 02:01:43...creating Relationship Meta for AOR_Condition
2018-04-10 02:01:43...processing table aor_scheduled_reports
2018-04-10 02:01:44...creating table aor_scheduled_reports
2018-04-10 02:01:44...creating Relationship Meta for AOR_Scheduled_Reports
2018-04-10 02:01:44...processing table aos_contracts
2018-04-10 02:01:45...creating table aos_contracts
2018-04-10 02:01:45...creating Relationship Meta for AOS_Contracts
2018-04-10 02:01:46...processing table aos_invoices
2018-04-10 02:01:47...creating table aos_invoices
2018-04-10 02:01:47...creating Relationship Meta for AOS_Invoices
2018-04-10 02:01:47...processing table aos_pdf_templates
2018-04-10 02:01:48...creating table aos_pdf_templates
2018-04-10 02:01:48...creating Relationship Meta for AOS_PDF_Templates
2018-04-10 02:01:49...processing table aos_product_categories
2018-04-10 02:01:50...creating table aos_product_categories
2018-04-10 02:01:50...creating Relationship Meta for AOS_Product_Categories
2018-04-10 02:01:50...processing table aos_products
2018-04-10 02:01:52...creating table aos_products
2018-04-10 02:01:52...creating Relationship Meta for AOS_Products
2018-04-10 02:01:52...processing table aos_products_quotes
2018-04-10 02:01:53...creating table aos_products_quotes
2018-04-10 02:01:53...creating Relationship Meta for AOS_Products_Quotes
2018-04-10 02:01:53...processing table aos_line_item_groups
2018-04-10 02:01:53...creating table aos_line_item_groups
2018-04-10 02:01:53...creating Relationship Meta for AOS_Line_Item_Groups
2018-04-10 02:01:54...processing table aos_quotes
2018-04-10 02:01:55...creating table aos_quotes
2018-04-10 02:01:55...creating Relationship Meta for AOS_Quotes
2018-04-10 02:01:55...processing table aow_actions
2018-04-10 02:01:55...creating table aow_actions
2018-04-10 02:01:55...creating Relationship Meta for AOW_Action
2018-04-10 02:01:56...processing table aow_workflow
2018-04-10 02:01:57...creating table aow_workflow
2018-04-10 02:01:57...creating Relationship Meta for AOW_WorkFlow
2018-04-10 02:01:57...processing table aow_processed
2018-04-10 02:01:59...creating table aow_processed
2018-04-10 02:01:59...creating Relationship Meta for AOW_Processed
2018-04-10 02:01:59...processing table aow_conditions
2018-04-10 02:02:00...creating table aow_conditions
2018-04-10 02:02:00...creating Relationship Meta for AOW_Condition
2018-04-10 02:02:00...processing table jjwg_maps
2018-04-10 02:02:01...creating table jjwg_maps
2018-04-10 02:02:01...creating Relationship Meta for jjwg_Maps
2018-04-10 02:02:02...processing table jjwg_markers
2018-04-10 02:02:03...creating table jjwg_markers
2018-04-10 02:02:03...creating Relationship Meta for jjwg_Markers
2018-04-10 02:02:03...processing table jjwg_areas
2018-04-10 02:02:04...creating table jjwg_areas
2018-04-10 02:02:04...creating Relationship Meta for jjwg_Areas
2018-04-10 02:02:05...processing table jjwg_address_cache
2018-04-10 02:02:06...creating table jjwg_address_cache
2018-04-10 02:02:06...creating Relationship Meta for jjwg_Address_Cache
2018-04-10 02:02:06...processing table calls_reschedule
2018-04-10 02:02:08...creating table calls_reschedule
2018-04-10 02:02:08...creating Relationship Meta for Calls_Reschedule
2018-04-10 02:02:08...processing table securitygroups
2018-04-10 02:02:09...creating table securitygroups
2018-04-10 02:02:09...creating Relationship Meta for SecurityGroup
2018-04-10 02:02:09...processing table outbound_email
2018-04-10 02:02:11...creating table outbound_email
2018-04-10 02:02:11...creating Relationship Meta for OutboundEmailAccounts
2018-04-10 02:02:11...processing table templatesectionline
2018-04-10 02:02:12...creating table templatesectionline
2018-04-10 02:02:12...creating Relationship Meta for TemplateSectionLine
2018-04-10 02:02:12...processing table oauth2tokens
2018-04-10 02:02:12...creating table oauth2tokens
2018-04-10 02:02:12...creating Relationship Meta for OAuth2Tokens
2018-04-10 02:02:13...processing table oauth2clients
2018-04-10 02:02:13...creating table oauth2clients
2018-04-10 02:02:13...creating Relationship Meta for OAuth2Clients
2018-04-10 02:02:13...processing table surveyresponses
2018-04-10 02:02:14...creating table surveyresponses
2018-04-10 02:02:14...creating Relationship Meta for SurveyResponses
2018-04-10 02:02:15...processing table surveys
2018-04-10 02:02:16...creating table surveys
2018-04-10 02:02:16...creating Relationship Meta for Surveys
2018-04-10 02:02:16...processing table surveyquestionresponses
2018-04-10 02:02:17...creating table surveyquestionresponses
2018-04-10 02:02:17...creating Relationship Meta for SurveyQuestionResponses
2018-04-10 02:02:18...processing table surveyquestions
2018-04-10 02:02:19...creating table surveyquestions
2018-04-10 02:02:19...creating Relationship Meta for SurveyQuestions
2018-04-10 02:02:19...processing table surveyquestionoptions
2018-04-10 02:02:21...creating table surveyquestionoptions
2018-04-10 02:02:21...creating Relationship Meta for SurveyQuestionOptions
2018-04-10 02:02:53...Begin creating Defaults
2018-04-10 02:02:53...insert defaults into config table
2018-04-10 02:02:53...Creating default users
2018-04-10 02:02:53...Creating default scheduler jobs
2018-04-10 02:02:55...Enable SugarFeeds
2018-04-10 02:02:56...Installation has completed *********
2018-04-10 02:03:46...populating the db with seed data
2018-04-10 02:03:46...Save configuration settings..
2018-04-10 02:03:46...save locale
2018-04-10 02:03:46...new Administration
2018-04-10 02:03:46...retrieveSettings
2018-04-10 02:03:46...AdminWizard OFF
2018-04-10 02:03:47...saveConfig
2018-04-10 02:03:47...new Configurator
2018-04-10 02:03:47...populateFromPost
2018-04-10 02:03:47...handleOverride
2018-04-10 02:03:47...addCronAllowedUser
2018-04-10 02:03:47...saveConfig
2018-04-10 02:03:47...new Currency
2018-04-10 02:03:47...retrieve
2018-04-10 02:03:47...DBG: save currency
2018-04-10 02:03:47...Save user settings..
2018-04-10 02:03:47...DBG: SugarThemeRegistry::getDefault
2018-04-10 02:03:47...DBG: require modules/Users/Save.php
2018-04-10 02:16:33...installerHook: Could not find custom/install/install_hooks.php